<?xml version="1.0" encoding="UTF-8"?>
<testsuite xmlns:xsi="http://www.w3.org/2001/XMLSchema-instance" xsi:noNamespaceSchemaLocation="https://maven.apache.org/surefire/maven-surefire-plugin/xsd/surefire-test-report-3.0.xsd" version="3.0" name="com.example.springtest.SpringTestApplicationTests" time="3.469" tests="1" errors="0" skipped="0" failures="0">
  <properties>
[...]
</properties>
  <testcase name="contextLoads" classname="com.example.springtest.SpringTestApplicationTests" time="0.979">
    <system-out><![CDATA[10:59:49.069 [main] INFO org.springframework.test.context.support.AnnotationConfigContextLoaderUtils -- Could not detect default configuration classes for test class [com.example.springtest.SpringTestApplicationTests]: SpringTestApplicationTests does not declare any static, non-private, non-final, nested classes annotated with @Configuration.
10:59:49.199 [main] INFO org.springframework.boot.test.context.SpringBootTestContextBootstrapper -- Found @SpringBootConfiguration com.example.springtest.SpringTestApplication for test class com.example.springtest.SpringTestApplicationTests
10:59:49.533 [main] INFO org.springframework.boot.devtools.restart.RestartApplicationListener -- Restart disabled due to context in which it is running

  .   ____          _            __ _ _
 /\\ / ___'_ __ _ _(_)_ __  __ _ \ \ \ \
( ( )\___ | '_ | '_| | '_ \/ _` | \ \ \ \
 \\/  ___)| |_)| | | | | || (_| |  ) ) ) )
  '  |____| .__|_| |_|_| |_\__, | / / / /
 =========|_|==============|___/=/_/_/_/
 :: Spring Boot ::                (v3.2.3)

2024-03-01T10:59:49.853+01:00  INFO 12684 --- [           main] c.e.s.SpringTestApplicationTests         : Starting SpringTestApplicationTests using Java 19.0.2 with PID 12684 (started by kerim in C:\Users\kerim\Desktop\SpringTest)
2024-03-01T10:59:49.855+01:00  INFO 12684 --- [           main] c.e.s.SpringTestApplicationTests         : No active profile set, falling back to 1 default profile: "default"
2024-03-01T10:59:51.329+01:00  INFO 12684 --- [           main] c.e.s.SpringTestApplicationTests         : Started SpringTestApplicationTests in 1.817 seconds (process running for 3.037)
]]></system-out>
  </testcase>
</testsuite>